# JRE version: Java(TM) SE Runtime Environment 18.9 (11.0.7+8) (build 11.0.7+8-LTS)
# Java VM: Java HotSpot(TM) 64-Bit Server VM 18.9 (11.0.7+8-LTS, mixed mode, tiered, compressed oops, g1 gc, windows-amd64)
Heap:
 garbage-first heap   total 98304K, used 39360K [0x00000000a0c00000, 0x0000000100000000)
  region size 1024K, 6 young (6144K), 2 survivors (2048K)
 Metaspace       used 20114K, capacity 20578K, committed 20864K, reserved 1067008K
  class space    used 2148K, capacity 2356K, committed 2432K, reserved 1048576K
GC Heap History (6 events):
Event: 1.300 GC heap before
{Heap before GC invocations=0 (full 0):
 garbage-first heap   total 98304K, used 14336K [0x00000000a0c00000, 0x0000000100000000)
  region size 1024K, 14 young (14336K), 0 survivors (0K)
 Metaspace       used 15146K, capacity 15595K, committed 15872K, reserved 1062912K
  class space    used 1520K, capacity 1739K, committed 1792K, reserved 1048576K
}
Event: 1.306 GC heap after
{Heap after GC invocations=1 (full 0):
 garbage-first heap   total 98304K, used 3038K [0x00000000a0c00000, 0x0000000100000000)
  region size 1024K, 2 young (2048K), 2 survivors (2048K)
 Metaspace       used 15146K, capacity 15595K, committed 15872K, reserved 1062912K
  class space    used 1520K, capacity 1739K, committed 1792K, reserved 1048576K
}
Event: 1.432 GC heap before
{Heap before GC invocations=1 (full 0):
 garbage-first heap   total 98304K, used 32734K [0x00000000a0c00000, 0x0000000100000000)
  region size 1024K, 9 young (9216K), 2 survivors (2048K)
 Metaspace       used 16033K, capacity 16484K, committed 16768K, reserved 1064960K
  class space    used 1623K, capacity 1822K, committed 1920K, reserved 1048576K
}
Event: 1.435 GC heap after
{Heap after GC invocations=2 (full 0):
 garbage-first heap   total 98304K, used 27926K [0x00000000a0c00000, 0x0000000100000000)
  region size 1024K, 2 young (2048K), 2 survivors (2048K)
 Metaspace       used 16033K, capacity 16484K, committed 16768K, reserved 1064960K
  class space    used 1623K, capacity 1822K, committed 1920K, reserved 1048576K
}
Event: 2.263 GC heap before
{Heap before GC invocations=2 (full 0):
 garbage-first heap   total 98304K, used 63766K [0x00000000a0c00000, 0x0000000100000000)
  region size 1024K, 27 young (27648K), 2 survivors (2048K)
 Metaspace       used 16153K, capacity 16551K, committed 16768K, reserved 1064960K
  class space    used 1629K, capacity 1822K, committed 1920K, reserved 1048576K
}
Event: 2.264 GC heap after
{Heap after GC invocations=3 (full 0):
 garbage-first heap   total 98304K, used 36288K [0x00000000a0c00000, 0x0000000100000000)
  region size 1024K, 2 young (2048K), 2 survivors (2048K)
 Metaspace       used 16153K, capacity 16551K, committed 16768K, reserved 1064960K
  class space    used 1629K, capacity 1822K, committed 1920K, reserved 1048576K
}

